<?xml version="1.0" encoding="UTF-8"?>
<!-- Generated by org.testng.reporters.JUnitReportReporter -->
<testsuite hostname="HP" failures="0" tests="3" name="testNG.invocationCountStudy" time="0.014" errors="0" timestamp="2023-06-13T11:39:35 IST" skipped="0">
  <testcase classname="testNG.invocationCountStudy" name="busBooking" time="0.009">
    <system-out>
      <![CDATA[Booking is runing...]]>
    </system-out>
  </testcase> <!-- busBooking -->
  <testcase classname="testNG.invocationCountStudy" name="busBooking" time="0.003">
    <system-out>
      <![CDATA[Booking is runing...]]>
    </system-out>
  </testcase> <!-- busBooking -->
  <testcase classname="testNG.invocationCountStudy" name="busBooking" time="0.002">
    <system-out>
      <![CDATA[Booking is runing...]]>
    </system-out>
  </testcase> <!-- busBooking -->
  <system-out>
    <![CDATA[Booking is runing...
Booking is runing...
Booking is runing...]]>
  </system-out>
</testsuite> <!-- testNG.invocationCountStudy -->
