<?xml version="1.0" encoding="UTF-8"?>
<!-- Generated by org.testng.reporters.JUnitReportReporter -->
<testsuite hostname="HP" failures="0" tests="4" name="testNG.enabledMethodUse" time="0.016" errors="0" timestamp="2023-06-13T12:20:12 IST" skipped="2">
  <testcase classname="testNG.enabledMethodUse" name="d" time="0.004">
    <system-out>
      <![CDATA[Method d running]]>
    </system-out>
  </testcase> <!-- d -->
  <testcase classname="testNG.enabledMethodUse" name="a" time="0.012">
    <system-out>
      <![CDATA[Method a running]]>
    </system-out>
  </testcase> <!-- a -->
  <testcase classname="testNG.enabledMethodUse" name="c">
    <skipped/>
  </testcase> <!-- c -->
  <testcase classname="testNG.enabledMethodUse" name="b">
    <skipped/>
  </testcase> <!-- b -->
  <system-out>
    <![CDATA[Method a running
Method d running]]>
  </system-out>
</testsuite> <!-- testNG.enabledMethodUse -->
