<?xml version="1.0" encoding="UTF-8"?>
<!-- Generated by org.testng.reporters.JUnitReportReporter -->
<testsuite hostname="HP" failures="0" tests="3" name="dataproviderUse.CreateFBAccount" time="23.051" errors="0" timestamp="2023-06-28T10:50:05 IST" skipped="0">
  <testcase classname="dataproviderUse.CreateFBAccount" name="fbAcc" time="6.532"/>
  <testcase classname="dataproviderUse.CreateFBAccount" name="fbAcc" time="5.872"/>
  <testcase classname="dataproviderUse.CreateFBAccount" name="fbAcc" time="10.647"/>
</testsuite> <!-- dataproviderUse.CreateFBAccount -->
