<?xml version="1.0" encoding="UTF-8"?>
<!-- Generated by org.testng.reporters.JUnitReportReporter -->
<testsuite hostname="HP" failures="0" tests="3" name="testNGXML.TestNGMethod1" time="0.015" errors="0" timestamp="2023-06-22T21:24:48 IST" skipped="0">
  <testcase classname="testNGXML.TestNGMethod1" name="method2" time="0.010">
    <system-out>
      <![CDATA[method2 is running]]>
    </system-out>
  </testcase> <!-- method2 -->
  <testcase classname="testNGXML.TestNGMethod1" name="method4" time="0.002">
    <system-out>
      <![CDATA[method4 is running]]>
    </system-out>
  </testcase> <!-- method4 -->
  <testcase classname="testNGXML.TestNGMethod1" name="method6" time="0.003">
    <system-out>
      <![CDATA[method6 is running]]>
    </system-out>
  </testcase> <!-- method6 -->
  <system-out>
    <![CDATA[method2 is running
method4 is running
method6 is running
method10 is running
method7 is running
method8 is running
method9 is running]]>
  </system-out>
</testsuite> <!-- testNGXML.TestNGMethod1 -->
