<?xml version="1.0" encoding="UTF-8"?>
<!-- Generated by org.testng.reporters.JUnitReportReporter -->
<testsuite hostname="HP" failures="0" tests="1" name="testNG.timeOutMethodUse" time="0.017" errors="0" timestamp="2023-06-13T12:25:41 IST" skipped="0">
  <testcase classname="testNG.timeOutMethodUse" name="login" time="0.017">
    <system-out>
      <![CDATA[You Logout in 3000ms]]>
    </system-out>
  </testcase> <!-- login -->
  <system-out>
    <![CDATA[You Logout in 3000ms]]>
  </system-out>
</testsuite> <!-- testNG.timeOutMethodUse -->
