<?xml version="1.0" encoding="UTF-8"?>
<!-- Generated by org.testng.reporters.JUnitReportReporter -->
<testsuite hostname="HP" failures="0" tests="4" name="testNGKeyword.priorityMethodUse" time="0.021" errors="0" timestamp="2023-06-22T11:03:17 IST" skipped="0">
  <testcase classname="testNGKeyword.priorityMethodUse" name="b" time="0.013">
    <system-out>
      <![CDATA[Method b running]]>
    </system-out>
  </testcase> <!-- b -->
  <testcase classname="testNGKeyword.priorityMethodUse" name="d" time="0.002">
    <system-out>
      <![CDATA[Method d running]]>
    </system-out>
  </testcase> <!-- d -->
  <testcase classname="testNGKeyword.priorityMethodUse" name="c" time="0.002">
    <system-out>
      <![CDATA[Method c running]]>
    </system-out>
  </testcase> <!-- c -->
  <testcase classname="testNGKeyword.priorityMethodUse" name="a" time="0.004">
    <system-out>
      <![CDATA[Method a running]]>
    </system-out>
  </testcase> <!-- a -->
  <system-out>
    <![CDATA[Method b running
Method d running
Method c running
Method a running]]>
  </system-out>
</testsuite> <!-- testNGKeyword.priorityMethodUse -->
