<?xml version="1.0" encoding="UTF-8"?>
<!-- Generated by org.testng.reporters.JUnitReportReporter -->
<testsuite hostname="HP" failures="0" tests="1" name="testNGXML.TestNGMethod" time="0.008" errors="0" timestamp="2023-06-22T21:12:18 IST" skipped="0">
  <testcase classname="testNGXML.TestNGMethod" name="method2" time="0.008">
    <system-out>
      <![CDATA[method2 is running]]>
    </system-out>
  </testcase> <!-- method2 -->
  <system-out>
    <![CDATA[method2 is running]]>
  </system-out>
</testsuite> <!-- testNGXML.TestNGMethod -->
