<?xml version="1.0" encoding="UTF-8"?>
<!-- Generated by org.testng.reporters.JUnitReportReporter -->
<testsuite hostname="HP" failures="0" tests="3" name="testNGXML.Testing" time="0.004" errors="0" timestamp="2023-06-22T20:32:38 IST" skipped="0">
  <testcase classname="testNGXML.Testing" name="b" time="0.002">
    <system-out>
      <![CDATA[b is running]]>
    </system-out>
  </testcase> <!-- b -->
  <testcase classname="testNGXML.Testing" name="a" time="0.001">
    <system-out>
      <![CDATA[a is running]]>
    </system-out>
  </testcase> <!-- a -->
  <testcase classname="testNGXML.Testing" name="c" time="0.001">
    <system-out>
      <![CDATA[c is running]]>
    </system-out>
  </testcase> <!-- c -->
  <system-out>
    <![CDATA[p is running
q is running
r is running
e is running
f is running
g is running
a is running
b is running
c is running]]>
  </system-out>
</testsuite> <!-- testNGXML.Testing -->
