<?xml version="1.0" encoding="UTF-8"?>
<!-- Generated by org.testng.reporters.JUnitReportReporter -->
<testsuite hostname="HP" failures="0" tests="1" name="seriallParallelTestNg.Instaopne" time="6.529" errors="0" timestamp="2023-06-23T12:43:42 IST" skipped="0">
  <testcase classname="seriallParallelTestNg.Instaopne" name="i" time="6.529"/>
</testsuite> <!-- seriallParallelTestNg.Instaopne -->
