<?xml version="1.0" encoding="UTF-8"?>
<!-- Generated by org.testng.reporters.JUnitReportReporter -->
<testsuite hostname="HP" failures="0" tests="4" name="testNGXML.TestNGMethod2" time="0.008" errors="0" timestamp="2023-06-22T21:24:48 IST" skipped="0">
  <testcase classname="testNGXML.TestNGMethod2" name="method9" time="0.002">
    <system-out>
      <![CDATA[method9 is running]]>
    </system-out>
  </testcase> <!-- method9 -->
  <testcase classname="testNGXML.TestNGMethod2" name="method7" time="0.002">
    <system-out>
      <![CDATA[method7 is running]]>
    </system-out>
  </testcase> <!-- method7 -->
  <testcase classname="testNGXML.TestNGMethod2" name="method8" time="0.002">
    <system-out>
      <![CDATA[method8 is running]]>
    </system-out>
  </testcase> <!-- method8 -->
  <testcase classname="testNGXML.TestNGMethod2" name="method10" time="0.002">
    <system-out>
      <![CDATA[method10 is running]]>
    </system-out>
  </testcase> <!-- method10 -->
  <system-out>
    <![CDATA[method2 is running
method4 is running
method6 is running
method10 is running
method7 is running
method8 is running
method9 is running]]>
  </system-out>
</testsuite> <!-- testNGXML.TestNGMethod2 -->
