<?xml version="1.0" encoding="UTF-8"?>
<!-- Generated by org.testng.reporters.JUnitReportReporter -->
<testsuite hostname="HP" failures="0" tests="1" name="crossBrowser.FirefoxTestNGStudy" time="18.399" errors="0" timestamp="2023-06-23T12:31:11 IST" skipped="0">
  <testcase classname="crossBrowser.FirefoxTestNGStudy" name="f" time="18.399"/>
</testsuite> <!-- crossBrowser.FirefoxTestNGStudy -->
