<?xml version="1.0" encoding="UTF-8"?>
<!-- Generated by org.testng.reporters.JUnitReportReporter -->
<testsuite hostname="HP" failures="0" tests="2" name="testNGAnnotaions.TestUserStudy" time="0.013" errors="0" timestamp="2023-06-13T13:06:39 IST" skipped="0">
  <testcase classname="testNGAnnotaions.TestUserStudy" name="validateUserName" time="0.007"/>
  <testcase classname="testNGAnnotaions.TestUserStudy" name="validateUserName2" time="0.006"/>
</testsuite> <!-- testNGAnnotaions.TestUserStudy -->
