<?xml version="1.0" encoding="UTF-8"?>
<!-- Generated by org.testng.reporters.JUnitReportReporter -->
<testsuite hostname="HP" failures="0" tests="4" name="testNG.priorityMethodUse" time="0.018" errors="0" timestamp="2023-06-13T12:07:44 IST" skipped="0">
  <testcase classname="testNG.priorityMethodUse" name="d" time="0.010">
    <system-out>
      <![CDATA[Method d running]]>
    </system-out>
  </testcase> <!-- d -->
  <testcase classname="testNG.priorityMethodUse" name="b" time="0.003">
    <system-out>
      <![CDATA[Method b running]]>
    </system-out>
  </testcase> <!-- b -->
  <testcase classname="testNG.priorityMethodUse" name="c" time="0.002">
    <system-out>
      <![CDATA[Method c running]]>
    </system-out>
  </testcase> <!-- c -->
  <testcase classname="testNG.priorityMethodUse" name="a" time="0.003">
    <system-out>
      <![CDATA[Method a running]]>
    </system-out>
  </testcase> <!-- a -->
  <system-out>
    <![CDATA[Method d running
Method b running
Method c running
Method a running]]>
  </system-out>
</testsuite> <!-- testNG.priorityMethodUse -->
