<?xml version="1.0" encoding="UTF-8"?>
<!-- Generated by org.testng.reporters.JUnitReportReporter -->
<testsuite hostname="HP" failures="0" tests="1" name="testNG.MyFirstTestNGClass" time="0.009" errors="0" timestamp="2023-06-13T00:09:05 IST" skipped="0">
  <testcase classname="testNG.MyFirstTestNGClass" name="f" time="0.009">
    <system-out>
      <![CDATA[method runing]]>
    </system-out>
  </testcase> <!-- f -->
  <system-out>
    <![CDATA[method runing]]>
  </system-out>
</testsuite> <!-- testNG.MyFirstTestNGClass -->
