<?xml version="1.0" encoding="UTF-8"?>
<!-- Generated by org.testng.reporters.JUnitReportReporter -->
<testsuite hostname="HP" failures="0" tests="2" name="testNGXML.GroupTestNG2" time="0.005" errors="0" timestamp="2023-06-22T22:10:06 IST" skipped="0">
  <testcase classname="testNGXML.GroupTestNG2" name="method9" time="0.003">
    <system-out>
      <![CDATA[method9 is running]]>
    </system-out>
  </testcase> <!-- method9 -->
  <testcase classname="testNGXML.GroupTestNG2" name="method11" time="0.002">
    <system-out>
      <![CDATA[method11 is running]]>
    </system-out>
  </testcase> <!-- method11 -->
  <system-out>
    <![CDATA[method1 is running
method3 is running
method11 is running
method9 is running]]>
  </system-out>
</testsuite> <!-- testNGXML.GroupTestNG2 -->
