<?xml version="1.0" encoding="UTF-8"?>
<!-- Generated by org.testng.reporters.JUnitReportReporter -->
<testsuite hostname="HP" failures="0" tests="3" name="testNGXML.Testing3" time="0.013" errors="0" timestamp="2023-06-22T20:32:38 IST" skipped="0">
  <testcase classname="testNGXML.Testing3" name="q" time="0.002">
    <system-out>
      <![CDATA[q is running]]>
    </system-out>
  </testcase> <!-- q -->
  <testcase classname="testNGXML.Testing3" name="p" time="0.009">
    <system-out>
      <![CDATA[p is running]]>
    </system-out>
  </testcase> <!-- p -->
  <testcase classname="testNGXML.Testing3" name="r" time="0.002">
    <system-out>
      <![CDATA[r is running]]>
    </system-out>
  </testcase> <!-- r -->
  <system-out>
    <![CDATA[p is running
q is running
r is running
e is running
f is running
g is running
a is running
b is running
c is running]]>
  </system-out>
</testsuite> <!-- testNGXML.Testing3 -->
