<?xml version="1.0" encoding="UTF-8"?>
<!-- Generated by org.testng.reporters.JUnitReportReporter -->
<testsuite hostname="HP" failures="0" tests="2" name="testNG.buyMobileFlipcart" time="0.012" errors="0" timestamp="2023-06-13T11:24:59 IST" skipped="0">
  <testcase classname="testNG.buyMobileFlipcart" name="addtocart" time="0.008"/>
  <testcase classname="testNG.buyMobileFlipcart" name="byproduct" time="0.004"/>
</testsuite> <!-- testNG.buyMobileFlipcart -->
