<?xml version="1.0" encoding="UTF-8"?>
<!-- Generated by org.testng.reporters.JUnitReportReporter -->
<testsuite hostname="HP" failures="0" tests="1" name="pompolicyTestNG.validatePolicyUserName" time="7.748" errors="0" timestamp="2023-06-27T23:01:33 IST" skipped="0">
  <testcase classname="pompolicyTestNG.validatePolicyUserName" name="verifyUserName" time="7.748"/>
</testsuite> <!-- pompolicyTestNG.validatePolicyUserName -->
