<?xml version="1.0" encoding="UTF-8"?>
<!-- Generated by org.testng.reporters.JUnitReportReporter -->
<testsuite hostname="HP" failures="0" tests="4" name="testNG.MultiMethodTestNg" time="0.016" errors="0" timestamp="2023-06-13T00:12:43 IST" skipped="0">
  <testcase classname="testNG.MultiMethodTestNg" name="method4" time="0.001">
    <system-out>
      <![CDATA[method runing4]]>
    </system-out>
  </testcase> <!-- method4 -->
  <testcase classname="testNG.MultiMethodTestNg" name="method3" time="0.003">
    <system-out>
      <![CDATA[method runing3]]>
    </system-out>
  </testcase> <!-- method3 -->
  <testcase classname="testNG.MultiMethodTestNg" name="method1" time="0.010">
    <system-out>
      <![CDATA[method runing1]]>
    </system-out>
  </testcase> <!-- method1 -->
  <testcase classname="testNG.MultiMethodTestNg" name="method2" time="0.002">
    <system-out>
      <![CDATA[method runing2]]>
    </system-out>
  </testcase> <!-- method2 -->
  <system-out>
    <![CDATA[method runing1
method runing2
method runing3
method runing4]]>
  </system-out>
</testsuite> <!-- testNG.MultiMethodTestNg -->
