<?xml version="1.0" encoding="UTF-8"?>
<!-- Generated by org.testng.reporters.JUnitReportReporter -->
<testsuite hostname="HP" failures="0" tests="4" name="listener.SimpleTest1" time="0.537" errors="1" timestamp="2023-06-29T21:43:16 IST" skipped="1">
  <testcase classname="listener.SimpleTest1" name="TC2" time="0.528">
    <error message="Method listener.SimpleTest1.TC2() didn&#039;t finish within the time-out 500" type="org.testng.internal.thread.ThreadTimeoutException">
      <![CDATA[org.testng.internal.thread.ThreadTimeoutException: Method listener.SimpleTest1.TC2() didn't finish within the time-out 500
at java.base@17.0.7/java.lang.Thread.sleep(Native Method)
at app//listener.SimpleTest1.TC2(SimpleTest1.java:21)
at java.base@17.0.7/jdk.internal.reflect.NativeMethodAccessorImpl.invoke0(Native Method)
at java.base@17.0.7/jdk.internal.reflect.NativeMethodAccessorImpl.invoke(NativeMethodAccessorImpl.java:77)
at java.base@17.0.7/jdk.internal.reflect.DelegatingMethodAccessorImpl.invoke(DelegatingMethodAccessorImpl.java:43)
at java.base@17.0.7/java.lang.reflect.Method.invoke(Method.java:568)
at app//org.testng.internal.invokers.MethodInvocationHelper.invokeMethod(MethodInvocationHelper.java:139)
at app//org.testng.internal.invokers.InvokeMethodRunnable.runOne(InvokeMethodRunnable.java:47)
at app//org.testng.internal.invokers.InvokeMethodRunnable.call(InvokeMethodRunnable.java:76)
at app//org.testng.internal.invokers.InvokeMethodRunnable.call(InvokeMethodRunnable.java:11)
at java.base@17.0.7/java.util.concurrent.FutureTask.run(FutureTask.java:264)
at java.base@17.0.7/java.util.concurrent.ThreadPoolExecutor.runWorker(ThreadPoolExecutor.java:1136)
at java.base@17.0.7/java.util.concurrent.ThreadPoolExecutor$Worker.run(ThreadPoolExecutor.java:635)
at java.base@17.0.7/java.lang.Thread.run(Thread.java:833)
]]>
    </error>
    <system-out>
      <![CDATA[Test TC2 execution started..
This TC2 method is Failed, pl try again]]>
    </system-out>
  </testcase> <!-- TC2 -->
  <testcase classname="listener.SimpleTest1" name="TC3" time="0.001">
    <skipped/>
    <system-out>
      <![CDATA[This TC TC3 is skipped..pl check dependent method]]>
    </system-out>
  </testcase> <!-- TC3 -->
  <testcase classname="listener.SimpleTest1" name="TC1" time="0.005">
    <system-out>
      <![CDATA[Test TC1 execution started..
TC1 is running
This TC1 method completed successfully]]>
    </system-out>
  </testcase> <!-- TC1 -->
  <testcase classname="listener.SimpleTest1" name="TC4" time="0.003">
    <system-out>
      <![CDATA[Test TC4 execution started..
TC4 is running
This TC4 method completed successfully]]>
    </system-out>
  </testcase> <!-- TC4 -->
  <system-out>
    <![CDATA[Test TC6 execution started..
This TC6 method is Failed, pl try again
Test TC5 execution started..
TC5 is running
This TC5 method completed successfully
Test TC8 execution started..
TC8 is running
This TC8 method completed successfully
Test TC7 execution started..
This TC TC7 is skipped..pl check dependent method
Test TC1 execution started..
TC1 is running
This TC1 method completed successfully
Test TC2 execution started..
This TC2 method is Failed, pl try again
Test TC4 execution started..
TC4 is running
This TC4 method completed successfully
Test TC3 execution started..
This TC TC3 is skipped..pl check dependent method]]>
  </system-out>
</testsuite> <!-- listener.SimpleTest1 -->
