<?xml version="1.0" encoding="UTF-8"?>
<!-- Generated by org.testng.reporters.JUnitReportReporter -->
<testsuite hostname="HP" failures="0" tests="2" name="testNGXML.GroupTestNG1" time="0.013" errors="0" timestamp="2023-06-22T22:10:06 IST" skipped="0">
  <testcase classname="testNGXML.GroupTestNG1" name="method3" time="0.002">
    <system-out>
      <![CDATA[method3 is running]]>
    </system-out>
  </testcase> <!-- method3 -->
  <testcase classname="testNGXML.GroupTestNG1" name="method1" time="0.011">
    <system-out>
      <![CDATA[method1 is running]]>
    </system-out>
  </testcase> <!-- method1 -->
  <system-out>
    <![CDATA[method1 is running
method3 is running
method11 is running
method9 is running]]>
  </system-out>
</testsuite> <!-- testNGXML.GroupTestNG1 -->
