<?xml version="1.0" encoding="UTF-8"?>
<!-- Generated by org.testng.reporters.JUnitReportReporter -->
<testsuite hostname="HP" failures="0" tests="1" name="seriallParallelTestNg.Gmail" time="10.803" errors="0" timestamp="2023-06-23T13:03:22 IST" skipped="0">
  <testcase classname="seriallParallelTestNg.Gmail" name="g" time="10.803"/>
</testsuite> <!-- seriallParallelTestNg.Gmail -->
