<?xml version="1.0" encoding="UTF-8"?>
<!-- Generated by org.testng.reporters.JUnitReportReporter -->
<testsuite hostname="HP" failures="0" tests="3" name="testNGXML.Testing2" time="0.007" errors="0" timestamp="2023-06-22T20:32:38 IST" skipped="0">
  <testcase classname="testNGXML.Testing2" name="e" time="0.003">
    <system-out>
      <![CDATA[e is running]]>
    </system-out>
  </testcase> <!-- e -->
  <testcase classname="testNGXML.Testing2" name="f" time="0.002">
    <system-out>
      <![CDATA[f is running]]>
    </system-out>
  </testcase> <!-- f -->
  <testcase classname="testNGXML.Testing2" name="g" time="0.002">
    <system-out>
      <![CDATA[g is running]]>
    </system-out>
  </testcase> <!-- g -->
  <system-out>
    <![CDATA[p is running
q is running
r is running
e is running
f is running
g is running
a is running
b is running
c is running]]>
  </system-out>
</testsuite> <!-- testNGXML.Testing2 -->
