<?xml version="1.0" encoding="UTF-8"?>
<!-- Generated by org.testng.reporters.JUnitReportReporter -->
<testsuite hostname="HP" failures="0" tests="2" name="testNGKeyword.DependsonMethodStudy" time="0.013" errors="0" timestamp="2023-06-22T12:21:40 IST" skipped="0">
  <testcase classname="testNGKeyword.DependsonMethodStudy" name="enterPassword" time="0.011">
    <system-out>
      <![CDATA[Enter Password]]>
    </system-out>
  </testcase> <!-- enterPassword -->
  <testcase classname="testNGKeyword.DependsonMethodStudy" name="login" time="0.002">
    <system-out>
      <![CDATA[You Login Sucessfully...]]>
    </system-out>
  </testcase> <!-- login -->
  <system-out>
    <![CDATA[Enter Password
You Login Sucessfully...]]>
  </system-out>
</testsuite> <!-- testNGKeyword.DependsonMethodStudy -->
