<?xml version="1.0" encoding="UTF-8"?>
<!-- Generated by org.testng.reporters.JUnitReportReporter -->
<testsuite hostname="HP" failures="0" tests="1" name="crossBrowser.validatedURL" time="15.957" errors="0" timestamp="2023-06-27T08:39:58 IST" skipped="0">
  <testcase classname="crossBrowser.validatedURL" name="validateurlName" time="15.957">
    <system-out>
      <![CDATA[tc is fail]]>
    </system-out>
  </testcase> <!-- validateurlName -->
  <system-out>
    <![CDATA[tc is fail]]>
  </system-out>
</testsuite> <!-- crossBrowser.validatedURL -->
