<?xml version="1.0" encoding="UTF-8"?>
<!-- Generated by org.testng.reporters.JUnitReportReporter -->
<testsuite hostname="HP" failures="0" tests="1" name="pomPolicyBazaarNewTC.validatePolicyUserName" time="8.347" errors="0" timestamp="2023-07-01T10:36:08 IST" skipped="0">
  <testcase classname="pomPolicyBazaarNewTC.validatePolicyUserName" name="validateUserName" time="8.347">
    <system-out>
      <![CDATA[Getin Actual user name
reading data from excel row num 0 cell num is 2..
Taking screenshot and store at- E:\AllTestingNotes\Java +Manual class notes\Selenium Notes\Screenshoot\Priya Bandal PB_TC1234.png]]>
    </system-out>
  </testcase> <!-- validateUserName -->
  <system-out>
    <![CDATA[Lunching Browser Application
Click on Login Page
click myacc
Waiting for complete load page, wait time1000
clicking on home page singInButton
Waiting for complete load page, wait time1000
reading data from excel row num 0 cell num is 0..
Entering mobilr number
Waiting for complete load page, wait time1000
Entering sign in with pasword...
Waiting for complete load page, wait time1000
reading data from excel row num 0 cell num is 1..
Entering pasword...
Waiting for complete load page, wait time1000
clicking on singin button
Waiting for complete load page, wait time1000
clicking on myaccount button
Waiting for complete load page, wait time1000
clicking on myprofile button
Waiting for complete load page, wait time1000
swiching to child page
Waiting for complete load page, wait time1000
Getin Actual user name
reading data from excel row num 0 cell num is 2..
Taking screenshot and store at- E:\AllTestingNotes\Java +Manual class notes\Selenium Notes\Screenshoot\Priya Bandal PB_TC1234.png
clicking on logout button
Log out from Policy Bazaar Application
Waiting for complete load page, wait time1000
Close Policy Bazaar Application
Close Browser ]]>
  </system-out>
</testsuite> <!-- pomPolicyBazaarNewTC.validatePolicyUserName -->
