<?xml version="1.0" encoding="UTF-8"?>
<!-- Generated by org.testng.reporters.JUnitReportReporter -->
<testsuite hostname="HP" failures="0" tests="1" name="seriallParallelTestNg.Instaopen" time="5.048" errors="0" timestamp="2023-06-23T12:51:07 IST" skipped="0">
  <testcase classname="seriallParallelTestNg.Instaopen" name="i" time="5.048"/>
</testsuite> <!-- seriallParallelTestNg.Instaopen -->
