<?xml version="1.0" encoding="UTF-8"?>
<!-- Generated by org.testng.reporters.JUnitReportReporter -->
<testsuite hostname="HP" failures="0" tests="1" name="assertTestNg.Equal_NotEqual_Assert" time="0.012" errors="0" timestamp="2023-06-27T11:56:51 IST" skipped="0">
  <testcase classname="assertTestNg.Equal_NotEqual_Assert" name="f" time="0.012"/>
</testsuite> <!-- assertTestNg.Equal_NotEqual_Assert -->
