<?xml version="1.0" encoding="UTF-8"?>
<!-- Generated by org.testng.reporters.JUnitReportReporter -->
<testsuite hostname="HP" failures="0" tests="1" name="crossBrowser.CrossBrowserTesting" time="10.248" errors="0" timestamp="2023-06-23T21:28:24 IST" skipped="0">
  <testcase classname="crossBrowser.CrossBrowserTesting" name="cbTest" time="10.248"/>
</testsuite> <!-- crossBrowser.CrossBrowserTesting -->
